[iter14] 진짜 calibration with full CSV (25.4GB)
  종료 마켓 (vol 100k+, settle, token): 3216
  Target tokens: 3216

  Reading orderFilled_complete.csv... (25.4GB, ~5분 소요)
    chunks=5, rows=5,000,000, matched=2,511,062, markets=1590
    chunks=10, rows=10,000,000, matched=5,118,880, markets=2379
    chunks=15, rows=15,000,000, matched=8,019,307, markets=2742
    chunks=20, rows=20,000,000, matched=10,866,201, markets=2906
    chunks=25, rows=25,000,000, matched=13,706,314, markets=2913
    chunks=30, rows=30,000,000, matched=15,972,148, markets=2914
    chunks=35, rows=35,000,000, matched=17,578,717, markets=2930
    chunks=40, rows=40,000,000, matched=18,979,101, markets=2930
    chunks=45, rows=45,000,000, matched=20,389,288, markets=2930
    chunks=50, rows=50,000,000, matched=22,079,150, markets=2930
    chunks=55, rows=55,000,000, matched=23,717,173, markets=2930
    chunks=60, rows=60,000,000, matched=25,314,982, markets=2930
    chunks=65, rows=65,000,000, matched=26,504,083, markets=2930
    chunks=70, rows=70,000,000, matched=27,602,705, markets=2930
    chunks=75, rows=75,000,000, matched=28,507,232, markets=2930
    chunks=80, rows=80,000,000, matched=29,099,132, markets=2930
    chunks=85, rows=85,000,000, matched=29,556,035, markets=2930
    chunks=90, rows=90,000,000, matched=29,917,093, markets=2930
    chunks=95, rows=95,000,000, matched=30,157,292, markets=2930
    chunks=100, rows=100,000,000, matched=30,304,104, markets=2930
    chunks=105, rows=105,000,000, matched=30,381,987, markets=2930
    chunks=110, rows=110,000,000, matched=30,416,190, markets=2930
    chunks=115, rows=115,000,000, matched=30,416,190, markets=2930
    chunks=120, rows=120,000,000, matched=30,416,190, markets=2930
    chunks=125, rows=125,000,000, matched=30,416,190, markets=2930
    chunks=130, rows=130,000,000, matched=30,416,190, markets=2930
    chunks=135, rows=135,000,000, matched=30,416,190, markets=2930
    chunks=140, rows=140,000,000, matched=30,416,190, markets=2930

  Total: chunks=144, rows=143,984,592, matched=30,416,190
  Markets with trades: 2930

  Closing belief 추출: 2085

=== 🏆 진짜 Calibration 곡선 ===
  Price bin                     N   Belief   Actual  Edge   Signal
  ----------------------------------------------------------------------
  (-0.001, 0.1]              1115    0.018    0.013  -0.005  
  (0.1, 0.2]                  162    0.146    0.074  -0.071  ⚠️ SHORT Yes
  (0.2, 0.3]                  124    0.248    0.242  -0.006  
  (0.3, 0.4]                   97    0.346    0.227  -0.119  ⚠️ SHORT Yes
  (0.4, 0.5]                   84    0.457    0.381  -0.077  ⚠️ SHORT Yes
  (0.5, 0.6]                  105    0.549    0.600  +0.051  🚀 LONG Yes
  (0.6, 0.7]                   85    0.646    0.718  +0.071  🚀 LONG Yes
  (0.7, 0.8]                   70    0.750    0.743  -0.007  
  (0.8, 0.9]                   67    0.846    0.881  +0.034  
  (0.9, 1.0]                  176    0.969    0.977  +0.008  

=== 롱샷 (10센트 이하) ===
  N=1115, avg belief=0.018, actual=0.013, edge=-0.005

=== Favorite (90센트 이상) ===
  N=176, avg belief=0.969, actual=0.977, edge=+0.008

  → C:\Projects\polymarket-analyze\results\iter14_real_calibration.json
