c:\Projects\polymarket-analyze\iters\iter22_politics_only_calibration.py:45: UserWarning: Boolean Series key will be reindexed to match DataFrame index.
  sub = chunk[mask].copy()
c:\Projects\polymarket-analyze\iters\iter22_politics_only_calibration.py:45: UserWarning: Boolean Series key will be reindexed to match DataFrame index.
  sub = chunk[mask].copy()
c:\Projects\polymarket-analyze\iters\iter22_politics_only_calibration.py:45: UserWarning: Boolean Series key will be reindexed to match DataFrame index.
  sub = chunk[mask].copy()
c:\Projects\polymarket-analyze\iters\iter22_politics_only_calibration.py:45: UserWarning: Boolean Series key will be reindexed to match DataFrame index.
  sub = chunk[mask].copy()
c:\Projects\polymarket-analyze\iters\iter22_politics_only_calibration.py:45: UserWarning: Boolean Series key will be reindexed to match DataFrame index.
  sub = chunk[mask].copy()
c:\Projects\polymarket-analyze\iters\iter22_politics_only_calibration.py:45: UserWarning: Boolean Series key will be reindexed to match DataFrame index.
  sub = chunk[mask].copy()
c:\Projects\polymarket-analyze\iters\iter22_politics_only_calibration.py:45: UserWarning: Boolean Series key will be reindexed to match DataFrame index.
  sub = chunk[mask].copy()
c:\Projects\polymarket-analyze\iters\iter22_politics_only_calibration.py:45: UserWarning: Boolean Series key will be reindexed to match DataFrame index.
  sub = chunk[mask].copy()
c:\Projects\polymarket-analyze\iters\iter22_politics_only_calibration.py:45: UserWarning: Boolean Series key will be reindexed to match DataFrame index.
  sub = chunk[mask].copy()
c:\Projects\polymarket-analyze\iters\iter22_politics_only_calibration.py:45: UserWarning: Boolean Series key will be reindexed to match DataFrame index.
  sub = chunk[mask].copy()
c:\Projects\polymarket-analyze\iters\iter22_politics_only_calibration.py:45: UserWarning: Boolean Series key will be reindexed to match DataFrame index.
  sub = chunk[mask].copy()
c:\Projects\polymarket-analyze\iters\iter22_politics_only_calibration.py:45: UserWarning: Boolean Series key will be reindexed to match DataFrame index.
  sub = chunk[mask].copy()
c:\Projects\polymarket-analyze\iters\iter22_politics_only_calibration.py:45: UserWarning: Boolean Series key will be reindexed to match DataFrame index.
  sub = chunk[mask].copy()
c:\Projects\polymarket-analyze\iters\iter22_politics_only_calibration.py:45: UserWarning: Boolean Series key will be reindexed to match DataFrame index.
  sub = chunk[mask].copy()
c:\Projects\polymarket-analyze\iters\iter22_politics_only_calibration.py:45: UserWarning: Boolean Series key will be reindexed to match DataFrame index.
  sub = chunk[mask].copy()
c:\Projects\polymarket-analyze\iters\iter22_politics_only_calibration.py:45: UserWarning: Boolean Series key will be reindexed to match DataFrame index.
  sub = chunk[mask].copy()
c:\Projects\polymarket-analyze\iters\iter22_politics_only_calibration.py:45: UserWarning: Boolean Series key will be reindexed to match DataFrame index.
  sub = chunk[mask].copy()
c:\Projects\polymarket-analyze\iters\iter22_politics_only_calibration.py:45: UserWarning: Boolean Series key will be reindexed to match DataFrame index.
  sub = chunk[mask].copy()
c:\Projects\polymarket-analyze\iters\iter22_politics_only_calibration.py:45: UserWarning: Boolean Series key will be reindexed to match DataFrame index.
  sub = chunk[mask].copy()
c:\Projects\polymarket-analyze\iters\iter22_politics_only_calibration.py:45: UserWarning: Boolean Series key will be reindexed to match DataFrame index.
  sub = chunk[mask].copy()
c:\Projects\polymarket-analyze\iters\iter22_politics_only_calibration.py:45: UserWarning: Boolean Series key will be reindexed to match DataFrame index.
  sub = chunk[mask].copy()
c:\Projects\polymarket-analyze\iters\iter22_politics_only_calibration.py:45: UserWarning: Boolean Series key will be reindexed to match DataFrame index.
  sub = chunk[mask].copy()
c:\Projects\polymarket-analyze\iters\iter22_politics_only_calibration.py:45: UserWarning: Boolean Series key will be reindexed to match DataFrame index.
  sub = chunk[mask].copy()
c:\Projects\polymarket-analyze\iters\iter22_politics_only_calibration.py:45: UserWarning: Boolean Series key will be reindexed to match DataFrame index.
  sub = chunk[mask].copy()
c:\Projects\polymarket-analyze\iters\iter22_politics_only_calibration.py:45: UserWarning: Boolean Series key will be reindexed to match DataFrame index.
  sub = chunk[mask].copy()
c:\Projects\polymarket-analyze\iters\iter22_politics_only_calibration.py:45: UserWarning: Boolean Series key will be reindexed to match DataFrame index.
  sub = chunk[mask].copy()
c:\Projects\polymarket-analyze\iters\iter22_politics_only_calibration.py:45: UserWarning: Boolean Series key will be reindexed to match DataFrame index.
  sub = chunk[mask].copy()
c:\Projects\polymarket-analyze\iters\iter22_politics_only_calibration.py:45: UserWarning: Boolean Series key will be reindexed to match DataFrame index.
  sub = chunk[mask].copy()
c:\Projects\polymarket-analyze\iters\iter22_politics_only_calibration.py:45: UserWarning: Boolean Series key will be reindexed to match DataFrame index.
  sub = chunk[mask].copy()
c:\Projects\polymarket-analyze\iters\iter22_politics_only_calibration.py:45: UserWarning: Boolean Series key will be reindexed to match DataFrame index.
  sub = chunk[mask].copy()
c:\Projects\polymarket-analyze\iters\iter22_politics_only_calibration.py:45: UserWarning: Boolean Series key will be reindexed to match DataFrame index.
  sub = chunk[mask].copy()
c:\Projects\polymarket-analyze\iters\iter22_politics_only_calibration.py:45: UserWarning: Boolean Series key will be reindexed to match DataFrame index.
  sub = chunk[mask].copy()
c:\Projects\polymarket-analyze\iters\iter22_politics_only_calibration.py:45: UserWarning: Boolean Series key will be reindexed to match DataFrame index.
  sub = chunk[mask].copy()
c:\Projects\polymarket-analyze\iters\iter22_politics_only_calibration.py:45: UserWarning: Boolean Series key will be reindexed to match DataFrame index.
  sub = chunk[mask].copy()
c:\Projects\polymarket-analyze\iters\iter22_politics_only_calibration.py:45: UserWarning: Boolean Series key will be reindexed to match DataFrame index.
  sub = chunk[mask].copy()
c:\Projects\polymarket-analyze\iters\iter22_politics_only_calibration.py:45: UserWarning: Boolean Series key will be reindexed to match DataFrame index.
  sub = chunk[mask].copy()
c:\Projects\polymarket-analyze\iters\iter22_politics_only_calibration.py:45: UserWarning: Boolean Series key will be reindexed to match DataFrame index.
  sub = chunk[mask].copy()
c:\Projects\polymarket-analyze\iters\iter22_politics_only_calibration.py:45: UserWarning: Boolean Series key will be reindexed to match DataFrame index.
  sub = chunk[mask].copy()
c:\Projects\polymarket-analyze\iters\iter22_politics_only_calibration.py:45: UserWarning: Boolean Series key will be reindexed to match DataFrame index.
  sub = chunk[mask].copy()
c:\Projects\polymarket-analyze\iters\iter22_politics_only_calibration.py:45: UserWarning: Boolean Series key will be reindexed to match DataFrame index.
  sub = chunk[mask].copy()
c:\Projects\polymarket-analyze\iters\iter22_politics_only_calibration.py:45: UserWarning: Boolean Series key will be reindexed to match DataFrame index.
  sub = chunk[mask].copy()
c:\Projects\polymarket-analyze\iters\iter22_politics_only_calibration.py:45: UserWarning: Boolean Series key will be reindexed to match DataFrame index.
  sub = chunk[mask].copy()
c:\Projects\polymarket-analyze\iters\iter22_politics_only_calibration.py:45: UserWarning: Boolean Series key will be reindexed to match DataFrame index.
  sub = chunk[mask].copy()
c:\Projects\polymarket-analyze\iters\iter22_politics_only_calibration.py:45: UserWarning: Boolean Series key will be reindexed to match DataFrame index.
  sub = chunk[mask].copy()
c:\Projects\polymarket-analyze\iters\iter22_politics_only_calibration.py:45: UserWarning: Boolean Series key will be reindexed to match DataFrame index.
  sub = chunk[mask].copy()
c:\Projects\polymarket-analyze\iters\iter22_politics_only_calibration.py:45: UserWarning: Boolean Series key will be reindexed to match DataFrame index.
  sub = chunk[mask].copy()
c:\Projects\polymarket-analyze\iters\iter22_politics_only_calibration.py:45: UserWarning: Boolean Series key will be reindexed to match DataFrame index.
  sub = chunk[mask].copy()
c:\Projects\polymarket-analyze\iters\iter22_politics_only_calibration.py:45: UserWarning: Boolean Series key will be reindexed to match DataFrame index.
  sub = chunk[mask].copy()
c:\Projects\polymarket-analyze\iters\iter22_politics_only_calibration.py:45: UserWarning: Boolean Series key will be reindexed to match DataFrame index.
  sub = chunk[mask].copy()
c:\Projects\polymarket-analyze\iters\iter22_politics_only_calibration.py:45: UserWarning: Boolean Series key will be reindexed to match DataFrame index.
  sub = chunk[mask].copy()
c:\Projects\polymarket-analyze\iters\iter22_politics_only_calibration.py:45: UserWarning: Boolean Series key will be reindexed to match DataFrame index.
  sub = chunk[mask].copy()
c:\Projects\polymarket-analyze\iters\iter22_politics_only_calibration.py:45: UserWarning: Boolean Series key will be reindexed to match DataFrame index.
  sub = chunk[mask].copy()
c:\Projects\polymarket-analyze\iters\iter22_politics_only_calibration.py:45: UserWarning: Boolean Series key will be reindexed to match DataFrame index.
  sub = chunk[mask].copy()
c:\Projects\polymarket-analyze\iters\iter22_politics_only_calibration.py:45: UserWarning: Boolean Series key will be reindexed to match DataFrame index.
  sub = chunk[mask].copy()
c:\Projects\polymarket-analyze\iters\iter22_politics_only_calibration.py:45: UserWarning: Boolean Series key will be reindexed to match DataFrame index.
  sub = chunk[mask].copy()
c:\Projects\polymarket-analyze\iters\iter22_politics_only_calibration.py:45: UserWarning: Boolean Series key will be reindexed to match DataFrame index.
  sub = chunk[mask].copy()
c:\Projects\polymarket-analyze\iters\iter22_politics_only_calibration.py:45: UserWarning: Boolean Series key will be reindexed to match DataFrame index.
  sub = chunk[mask].copy()
c:\Projects\polymarket-analyze\iters\iter22_politics_only_calibration.py:45: UserWarning: Boolean Series key will be reindexed to match DataFrame index.
  sub = chunk[mask].copy()
c:\Projects\polymarket-analyze\iters\iter22_politics_only_calibration.py:45: UserWarning: Boolean Series key will be reindexed to match DataFrame index.
  sub = chunk[mask].copy()
c:\Projects\polymarket-analyze\iters\iter22_politics_only_calibration.py:45: UserWarning: Boolean Series key will be reindexed to match DataFrame index.
  sub = chunk[mask].copy()
c:\Projects\polymarket-analyze\iters\iter22_politics_only_calibration.py:45: UserWarning: Boolean Series key will be reindexed to match DataFrame index.
  sub = chunk[mask].copy()
c:\Projects\polymarket-analyze\iters\iter22_politics_only_calibration.py:45: UserWarning: Boolean Series key will be reindexed to match DataFrame index.
  sub = chunk[mask].copy()
c:\Projects\polymarket-analyze\iters\iter22_politics_only_calibration.py:45: UserWarning: Boolean Series key will be reindexed to match DataFrame index.
  sub = chunk[mask].copy()
c:\Projects\polymarket-analyze\iters\iter22_politics_only_calibration.py:45: UserWarning: Boolean Series key will be reindexed to match DataFrame index.
  sub = chunk[mask].copy()
c:\Projects\polymarket-analyze\iters\iter22_politics_only_calibration.py:45: UserWarning: Boolean Series key will be reindexed to match DataFrame index.
  sub = chunk[mask].copy()
c:\Projects\polymarket-analyze\iters\iter22_politics_only_calibration.py:45: UserWarning: Boolean Series key will be reindexed to match DataFrame index.
  sub = chunk[mask].copy()
c:\Projects\polymarket-analyze\iters\iter22_politics_only_calibration.py:45: UserWarning: Boolean Series key will be reindexed to match DataFrame index.
  sub = chunk[mask].copy()
c:\Projects\polymarket-analyze\iters\iter22_politics_only_calibration.py:45: UserWarning: Boolean Series key will be reindexed to match DataFrame index.
  sub = chunk[mask].copy()
c:\Projects\polymarket-analyze\iters\iter22_politics_only_calibration.py:45: UserWarning: Boolean Series key will be reindexed to match DataFrame index.
  sub = chunk[mask].copy()
c:\Projects\polymarket-analyze\iters\iter22_politics_only_calibration.py:45: UserWarning: Boolean Series key will be reindexed to match DataFrame index.
  sub = chunk[mask].copy()
c:\Projects\polymarket-analyze\iters\iter22_politics_only_calibration.py:45: UserWarning: Boolean Series key will be reindexed to match DataFrame index.
  sub = chunk[mask].copy()
c:\Projects\polymarket-analyze\iters\iter22_politics_only_calibration.py:45: UserWarning: Boolean Series key will be reindexed to match DataFrame index.
  sub = chunk[mask].copy()
c:\Projects\polymarket-analyze\iters\iter22_politics_only_calibration.py:45: UserWarning: Boolean Series key will be reindexed to match DataFrame index.
  sub = chunk[mask].copy()
c:\Projects\polymarket-analyze\iters\iter22_politics_only_calibration.py:45: UserWarning: Boolean Series key will be reindexed to match DataFrame index.
  sub = chunk[mask].copy()
c:\Projects\polymarket-analyze\iters\iter22_politics_only_calibration.py:45: UserWarning: Boolean Series key will be reindexed to match DataFrame index.
  sub = chunk[mask].copy()
c:\Projects\polymarket-analyze\iters\iter22_politics_only_calibration.py:45: UserWarning: Boolean Series key will be reindexed to match DataFrame index.
  sub = chunk[mask].copy()
c:\Projects\polymarket-analyze\iters\iter22_politics_only_calibration.py:45: UserWarning: Boolean Series key will be reindexed to match DataFrame index.
  sub = chunk[mask].copy()
c:\Projects\polymarket-analyze\iters\iter22_politics_only_calibration.py:45: UserWarning: Boolean Series key will be reindexed to match DataFrame index.
  sub = chunk[mask].copy()
c:\Projects\polymarket-analyze\iters\iter22_politics_only_calibration.py:45: UserWarning: Boolean Series key will be reindexed to match DataFrame index.
  sub = chunk[mask].copy()
c:\Projects\polymarket-analyze\iters\iter22_politics_only_calibration.py:45: UserWarning: Boolean Series key will be reindexed to match DataFrame index.
  sub = chunk[mask].copy()
c:\Projects\polymarket-analyze\iters\iter22_politics_only_calibration.py:45: UserWarning: Boolean Series key will be reindexed to match DataFrame index.
  sub = chunk[mask].copy()
c:\Projects\polymarket-analyze\iters\iter22_politics_only_calibration.py:45: UserWarning: Boolean Series key will be reindexed to match DataFrame index.
  sub = chunk[mask].copy()
c:\Projects\polymarket-analyze\iters\iter22_politics_only_calibration.py:45: UserWarning: Boolean Series key will be reindexed to match DataFrame index.
  sub = chunk[mask].copy()
c:\Projects\polymarket-analyze\iters\iter22_politics_only_calibration.py:45: UserWarning: Boolean Series key will be reindexed to match DataFrame index.
  sub = chunk[mask].copy()
c:\Projects\polymarket-analyze\iters\iter22_politics_only_calibration.py:45: UserWarning: Boolean Series key will be reindexed to match DataFrame index.
  sub = chunk[mask].copy()
c:\Projects\polymarket-analyze\iters\iter22_politics_only_calibration.py:45: UserWarning: Boolean Series key will be reindexed to match DataFrame index.
  sub = chunk[mask].copy()
c:\Projects\polymarket-analyze\iters\iter22_politics_only_calibration.py:45: UserWarning: Boolean Series key will be reindexed to match DataFrame index.
  sub = chunk[mask].copy()
c:\Projects\polymarket-analyze\iters\iter22_politics_only_calibration.py:45: UserWarning: Boolean Series key will be reindexed to match DataFrame index.
  sub = chunk[mask].copy()
c:\Projects\polymarket-analyze\iters\iter22_politics_only_calibration.py:45: UserWarning: Boolean Series key will be reindexed to match DataFrame index.
  sub = chunk[mask].copy()
c:\Projects\polymarket-analyze\iters\iter22_politics_only_calibration.py:45: UserWarning: Boolean Series key will be reindexed to match DataFrame index.
  sub = chunk[mask].copy()
c:\Projects\polymarket-analyze\iters\iter22_politics_only_calibration.py:45: UserWarning: Boolean Series key will be reindexed to match DataFrame index.
  sub = chunk[mask].copy()
c:\Projects\polymarket-analyze\iters\iter22_politics_only_calibration.py:45: UserWarning: Boolean Series key will be reindexed to match DataFrame index.
  sub = chunk[mask].copy()
c:\Projects\polymarket-analyze\iters\iter22_politics_only_calibration.py:45: UserWarning: Boolean Series key will be reindexed to match DataFrame index.
  sub = chunk[mask].copy()
c:\Projects\polymarket-analyze\iters\iter22_politics_only_calibration.py:45: UserWarning: Boolean Series key will be reindexed to match DataFrame index.
  sub = chunk[mask].copy()
c:\Projects\polymarket-analyze\iters\iter22_politics_only_calibration.py:45: UserWarning: Boolean Series key will be reindexed to match DataFrame index.
  sub = chunk[mask].copy()
c:\Projects\polymarket-analyze\iters\iter22_politics_only_calibration.py:45: UserWarning: Boolean Series key will be reindexed to match DataFrame index.
  sub = chunk[mask].copy()
c:\Projects\polymarket-analyze\iters\iter22_politics_only_calibration.py:45: UserWarning: Boolean Series key will be reindexed to match DataFrame index.
  sub = chunk[mask].copy()
c:\Projects\polymarket-analyze\iters\iter22_politics_only_calibration.py:45: UserWarning: Boolean Series key will be reindexed to match DataFrame index.
  sub = chunk[mask].copy()
c:\Projects\polymarket-analyze\iters\iter22_politics_only_calibration.py:45: UserWarning: Boolean Series key will be reindexed to match DataFrame index.
  sub = chunk[mask].copy()
c:\Projects\polymarket-analyze\iters\iter22_politics_only_calibration.py:45: UserWarning: Boolean Series key will be reindexed to match DataFrame index.
  sub = chunk[mask].copy()
[iter22] Politics-only calibration on C:\Projects\polymarket-analyze\data\poly_data\orderFilled_complete.csv
  CSV size: 35.0 GB
    progress: 10,000,000 rows, politics so far: 0
    progress: 20,000,000 rows, politics so far: 0
    progress: 30,000,000 rows, politics so far: 0
    progress: 40,000,000 rows, politics so far: 0
    progress: 50,000,000 rows, politics so far: 0
  ❌ politics 데이터 없음
