[iter11] Holder/volume 비대칭 분석
  [fetch_active] page 0, +500, total=500
  [fetch_active] page 1, +500, total=1000
  [fetch_active] page 2, +500, total=1500
  [fetch_active] page 3, +500, total=2000
  [fetch_active] page 4, +500, total=2500
  [fetch_active] page 5, +500, total=3000
  [fetch_active] page 6, +500, total=3500
  [fetch_active] page 7, +500, total=4000
  [fetch_active] page 8, +500, total=4500
  [fetch_active] page 9, +500, total=5000
  [fetch_active] page 10, +500, total=5500
  [fetch_active] page 11, +500, total=6000
  [fetch_active] page 12, +500, total=6500
  [fetch_active] page 13, +500, total=7000
  [fetch_active] page 14, +500, total=7500
  [fetch_active] page 15, +500, total=8000
  [fetch_active] page 16, +500, total=8500
  [fetch_active] page 17, +500, total=9000
  [fetch_active] page 18, +500, total=9500
  [fetch_active] page 19, +500, total=10000
  활성 마켓 (vol 50k+): 2460
  Holder 관련 컬럼: []

=== Volume / Liquidity 비율 분포 ===
  median ratio: 14.79
  90th: 112.44
  99th: 1350.83

  의심 마켓 (vol/liq > 95th percentile): 123

  최근 활발 (24h vol > 50% of total): 4

=== Top 최근 활발 마켓 (whales 진입 가능성) ===
  vol_24h=   147,346 (55%) | price=0.003 | total=$   266,228
     Will Valve add Cache to the Map Pool by April 30, 2026?
  vol_24h=    70,359 (64%) | price=0.520 | total=$   110,541
     Will Paris Saint-Germain (PSG) reach the UEFA Champions League final?
  vol_24h=    51,037 (62%) | price=0.006 | total=$    82,311
     Will Lee Kwang-jae win the 2026 Gangwon Province gubernatorial election?
  vol_24h=    42,801 (76%) | price=0.023 | total=$    56,059
     Will Rafael Jodar win the 2026 Men's French Open?

  거래량 100k+ but liquidity < 5k: 257

  → C:\Projects\polymarket-analyze\results\iter11_holder_volume.json
