[iter19] 1시간 가격 변화 mean reversion
  [fetch_active] page 0, +500, total=500
  [fetch_active] page 1, +500, total=1000
  [fetch_active] page 2, +500, total=1500
  [fetch_active] page 3, +500, total=2000
  [fetch_active] page 4, +500, total=2500
  [fetch_active] page 5, +500, total=3000
  [fetch_active] page 6, +500, total=3500
  [fetch_active] page 7, +500, total=4000
  [fetch_active] page 8, +500, total=4500
  [fetch_active] page 9, +500, total=5000
  [fetch_active] page 10, +500, total=5500
  [fetch_active] page 11, +500, total=6000
  [fetch_active] page 12, +500, total=6500
  [fetch_active] page 13, +500, total=7000
  [fetch_active] page 14, +500, total=7500
  [fetch_active] page 15, +500, total=8000
  [fetch_active] page 16, +500, total=8500
  [fetch_active] page 17, +500, total=9000
  [fetch_active] page 18, +500, total=9500
  [fetch_active] page 19, +500, total=10000
  활성 마켓 (의미 가격): 1207

=== 1시간 가격 변화 분포 ===
  Mean: +0.046%
  Std: 4.206%
  Skew: 1.36
  Min: -42.0%
  Max: +59.1%
  +99% percentile: +11.44%
  -99% percentile: -14.00%

=== Top 1시간 +2σ overshooting (NO 베팅 후보) ===
  발견: 18개
    Δ=+59.1% (z=+14.03) | price=0.825 | vol=$19,436
      Will Google reach $375 in April?
    Δ=+32.2% (z=+7.65) | price=0.340 | vol=$18,847
      Will the US federal government take a stake in Rigetti Computing, Inc.
    Δ=+29.5% (z=+7.00) | price=0.400 | vol=$61,261
      Will Somaliland join the Abraham Accords before 2027?
    Δ=+25.9% (z=+6.15) | price=0.748 | vol=$30,002
      Will Sandy Spidel Neumann be the Democratic nominee for Senate in Kans
    Δ=+24.5% (z=+5.81) | price=0.840 | vol=$10,987
      Will Brittany Mahomes attend Taylor Swift's wedding?
    Δ=+19.6% (z=+4.64) | price=0.100 | vol=$61,034
      Will Databricks’ market cap be between $100B and $125B at market close
    Δ=+19.5% (z=+4.63) | price=0.450 | vol=$19,733
      Will the Republican Party win the OH-09 House seat?
    Δ=+19.5% (z=+4.63) | price=0.710 | vol=$20,240
      Will Este Haim attend Taylor Swift's wedding?
    Δ=+19.0% (z=+4.51) | price=0.090 | vol=$26,944
      Will the Republican Party hold between 195 and 199 House seats after t
    Δ=+17.0% (z=+4.03) | price=0.450 | vol=$10,910
      Will Perry Johnson win the 2026 Michigan Governor Republican primary e

=== Top 1시간 -2σ overshooting (YES 베팅 후보) ===
  발견: 22개
    Δ=-42.0% (z=-10.00) | price=0.740 | vol=$16,611
      Will the Democratic Party win the IL-01 House seat?
    Δ=-39.0% (z=-9.28) | price=0.910 | vol=$84,020
      Will the Republican Party win the FL-01 House seat?
    Δ=-29.1% (z=-6.93) | price=0.280 | vol=$13,890
      Will Ninjas in Pyjamas qualify to IEM Cologne Major 2026? 
    Δ=-22.0% (z=-5.24) | price=0.250 | vol=$65,120
      Cap on gambling loss deductions repealed before 2027?
    Δ=-21.5% (z=-5.12) | price=0.590 | vol=$13,077
      Will the Republican Party win the NY-21 House seat?
    Δ=-17.0% (z=-4.05) | price=0.799 | vol=$38,689
      Will the DHS shutdown last 80 days or more?
    Δ=-15.0% (z=-3.58) | price=0.080 | vol=$111,443
      Space FDV above $15M one day after launch?
    Δ=-15.0% (z=-3.58) | price=0.630 | vol=$24,570
      Will Tom Steyer advance from the 2026 California Governor primary elec
    Δ=-15.0% (z=-3.58) | price=0.720 | vol=$13,045
      Will the Republican Party win the WA-04 House seat?
    Δ=-14.5% (z=-3.46) | price=0.280 | vol=$20,585
      Cambria FDV above $30M one day after launch?

=== 1h vs 1d 변화 상관 ===
  Correlation: 0.417
  같은 방향 비율: 63.1%

  → C:\Projects\polymarket-analyze\results\iter19_recency_signal.json
