[iter04] negRisk (exclusive) 마켓 sum-to-1 진짜 차익 스캐너
  [fetch_active] page 0, +500, total=500
  [fetch_active] page 1, +500, total=1000
  [fetch_active] page 2, +500, total=1500
  [fetch_active] page 3, +500, total=2000
  [fetch_active] page 4, +500, total=2500
  [fetch_active] page 5, +500, total=3000
  [fetch_active] page 6, +500, total=3500
  [fetch_active] page 7, +500, total=4000
  [fetch_active] page 8, +500, total=4500
  [fetch_active] page 9, +500, total=5000
  [fetch_active] page 10, +500, total=5500
  [fetch_active] page 11, +500, total=6000
  [fetch_active] page 12, +500, total=6500
  [fetch_active] page 13, +500, total=7000
  [fetch_active] page 14, +500, total=7500
  [fetch_active] page 15, +500, total=8000
  [fetch_active] page 16, +500, total=8500
  [fetch_active] page 17, +500, total=9000
  [fetch_active] page 18, +500, total=9500
  [fetch_active] page 19, +500, total=10000
  활성 마켓 (거래량 500+): 7983
  negRisk=True 마켓: 5506

=== 진짜 negRisk Sum-to-1 위반 (편차 2%+) ===
  발견: 447개 (5%+ deviation: 265개)

  Top 20:

  [1] negRiskID 0x01e92d45dbf0b1b4ea677cc9b79732310cd0fbb74f75d4d38e1f6435a9525100
      n_markets=35, sum_Yes=6.2075, edge=520.75%
      direction: BUY_ALL_NO
        - Will Albania come in last place at Eurovision 2026? | Yes=0.259 | vol=$605
        - Will Australia come in last place at Eurovision 2026? | Yes=0.221 | vol=$593
        - Will Austria come in last place at Eurovision 2026? | Yes=0.270 | vol=$20,102

  [2] negRiskID 0x899d05c5ba21fb89f4f6fc5ce78cef4074b703180e8dde09e9017a3e9e532500
      n_markets=22, sum_Yes=5.6525, edge=465.25%
      direction: BUY_ALL_NO
        - Will Aaron Kahng win The Bachelorette Season 22? | Yes=0.224 | vol=$87,124
        - Will Brad Ledford win The Bachelorette Season 22? | Yes=0.006 | vol=$2,170
        - Will Brandon Perce win The Bachelorette Season 22? | Yes=0.011 | vol=$14,803

  [3] negRiskID 0x8233dbf9e569bfed41c365337c2ba26424af076ff5b2e73ca9a4b353e8e7c700
      n_markets=32, sum_Yes=4.1510, edge=315.10%
      direction: BUY_ALL_NO
        - Will Maxx Crosby play for Arizona Cardinals next? | Yes=0.002 | vol=$2,621
        - Will Maxx Crosby play for Atlanta Falcons next? | Yes=0.473 | vol=$4,120
        - Will Maxx Crosby play for Baltimore Ravens next? | Yes=0.055 | vol=$10,640

  [4] negRiskID 0x9849e6f5bed303f4d12eecb93e69edb642be208ef6d462333f660ab0af06bc00
      n_markets=15, sum_Yes=3.9770, edge=297.70%
      direction: BUY_ALL_NO
        - Will Islam Makhachev remain #1 in the UFC Pound-For-Pound Ra | Yes=0.495 | vol=$1,698
        - Will Ilia Topuria be the next fighter to be ranked first in  | Yes=0.495 | vol=$1,145
        - Will Khamzat Chimaev be the next fighter to be ranked first  | Yes=0.316 | vol=$943

  [5] negRiskID 0xb9cd97e3be02925299dffb0868c947cc98c2f744e9cf78555d78b6654693fc00
      n_markets=10, sum_Yes=3.8915, edge=289.15%
      direction: BUY_ALL_NO
        - Will David Njoku play for Dallas Cowboys in 2026-27? | Yes=0.454 | vol=$3,253
        - Will David Njoku play for Detroit Lions in 2026-27? | Yes=0.407 | vol=$6,260
        - Will David Njoku play for Green Bay Packers in 2026-27? | Yes=0.493 | vol=$3,029

  [6] negRiskID 0x19809c53a8b3762739ceb0b9c8ecc4c0609f582efe70ce8f0825ef157c9b5c00
      n_markets=8, sum_Yes=3.7200, edge=272.00%
      direction: BUY_ALL_NO
        - Will Merab Dvalishvili fight Petr Yan next? | Yes=0.805 | vol=$4,249
        - Will Merab Dvalishvili fight Umar Nurmagomedov next? | Yes=0.498 | vol=$857
        - Will Merab Dvalishvili fight Song Yadong next? | Yes=0.472 | vol=$1,056

  [7] negRiskID 0x3c0ede8a3f4d10b387b875397ce3761d2d383297b49f588eaf25ec6d62096000
      n_markets=10, sum_Yes=3.5770, edge=257.70%
      direction: BUY_ALL_NO
        - Will Partido Liberal (PL) hold the most seats as a result of | Yes=0.690 | vol=$2,716
        - Will Partido Social Democrático (PSD) hold the most seats as | Yes=0.331 | vol=$729
        - Will Movimento Democrático Brasileiro (MDB) hold the most se | Yes=0.287 | vol=$561

  [8] negRiskID 0x1f39774c717a44598675107e7d4e28380142ec1556f76f3887c43a656e404100
      n_markets=10, sum_Yes=3.5380, edge=253.80%
      direction: BUY_ALL_NO
        - Will Islam Makhachev be ranked first in the UFC Pound-For-Po | Yes=0.500 | vol=$861
        - Will Ilia Topuria be ranked first in the UFC Pound-For-Pound | Yes=0.495 | vol=$511
        - Will Alexander Volkanovski be ranked first in the UFC Pound- | Yes=0.486 | vol=$1,145

  [9] negRiskID 0x2452b43230f795cf7c33a196a43074fbb8485cb325989f43ab53e0e83ac76300
      n_markets=7, sum_Yes=3.4090, edge=240.90%
      direction: BUY_ALL_NO
        - Will Ilia Topuria fight Max Holloway next? | Yes=0.499 | vol=$536
        - Will Justin Gaethje fight Max Holloway next? | Yes=0.500 | vol=$500
        - Will Arman Tsarukyan fight Max Holloway next? | Yes=0.497 | vol=$520

  [10] negRiskID 0xc0907531709bfa9be6679054e11ab9b15f4fe58b54a84a4ea12f64760b6c7d00
      n_markets=9, sum_Yes=3.2250, edge=222.50%
      direction: BUY_ALL_NO
        - Will the Eurozone's 2026 Annual Inflation be less than 1.0%? | Yes=0.191 | vol=$685
        - Will the Eurozone's 2026 Annual Inflation be between 1.0% an | Yes=0.449 | vol=$714
        - Will the Eurozone's 2026 Annual Inflation be between 1.3% an | Yes=0.386 | vol=$729

  [11] negRiskID 0x98df5c0bd468172d68489db96d5e9297b63978eace98076a62cf7115e1be0600
      n_markets=6, sum_Yes=2.9745, edge=197.45%
      direction: BUY_ALL_NO
        - Will Maya Yoshida win 2026 MLS Defender of the Year? | Yes=0.500 | vol=$3,244
        - Will Jackson Ragen win 2026 MLS Defender of the Year? | Yes=0.485 | vol=$11,592
        - Will Andrés Reyes win 2026 MLS Defender of the Year? | Yes=0.500 | vol=$2,917

  [12] negRiskID 0x19db9d774ac3a4bcc3285daad419f9988c0095bc739eac033e98773a967cef00
      n_markets=7, sum_Yes=2.9160, edge=191.60%
      direction: BUY_ALL_NO
        - Will the United Hearts Movement win the most seats in the 20 | Yes=0.512 | vol=$31,441
        - Will the Union for Central African Renewal win the most seat | Yes=0.486 | vol=$41,284
        - Will the National Movement of Independents win the most seat | Yes=0.009 | vol=$6,375

  [13] negRiskID 0x528b24bbe8dda07c0cddab6524b59ba010838ee6d8db43a87d8f5621a9efd100
      n_markets=31, sum_Yes=2.8040, edge=180.40%
      direction: BUY_ALL_NO
        - Will Sam Reinhart win the 2025–2026 NHL Frank J. Selke Troph | Yes=0.242 | vol=$1,098
        - Will Nico Hischier win the 2025–2026 NHL Frank J. Selke Trop | Yes=0.088 | vol=$524
        - Will Anthony Cirelli win the 2025–2026 NHL Frank J. Selke Tr | Yes=0.020 | vol=$7,685

  [14] negRiskID 0x0274fe0a80f1f7a17cffa16df91fb874fc2eec842ef3664939d77bd2a1efef00
      n_markets=7, sum_Yes=2.7425, edge=174.25%
      direction: BUY_ALL_NO
        - Will Ted Cruz be confirmed to be the sender of the “I beat B | Yes=0.418 | vol=$1,474
        - Will Donald Trump be confirmed to be the sender of the “I be | Yes=0.070 | vol=$1,455
        - Will Marco Rubio be confirmed to be the sender of the “I bea | Yes=0.473 | vol=$1,517

  [15] negRiskID 0x7e5662765f51d1b7db8a91d6071f2e2232c9cdd7c8e3c19889972f66c4b56100
      n_markets=6, sum_Yes=2.6915, edge=169.15%
      direction: BUY_ALL_NO
        - Will Republican House incumbents not win in fewer than three | Yes=0.500 | vol=$31,419
        - Will Republican House incumbents not win in between four and | Yes=0.494 | vol=$7,495
        - Will Republican House incumbents not win in between seven an | Yes=0.473 | vol=$549

  [16] negRiskID 0x279600929c83488a2b581d6ba0d0712f343f00d42a526768b336b429c67ec900
      n_markets=6, sum_Yes=2.6335, edge=163.35%
      direction: BUY_ALL_NO
        - Will world GDP growth be ≤2.9% in 2026? | Yes=0.465 | vol=$3,743
        - Will world GDP growth be 3.2% in 2026? | Yes=0.493 | vol=$1,583
        - Will world GDP growth be 3.3% in 2026? | Yes=0.434 | vol=$1,922

  [17] negRiskID 0x678453d9a1b4c42e59995f3a632bfa1982a7a49a25774ca90547a746dfb0f000
      n_markets=10, sum_Yes=2.6240, edge=162.40%
      direction: BUY_ALL_NO
        - Will Ilia Topuria fight Charles Oliveira next? | Yes=0.105 | vol=$1,180
        - Will Justin Gaethje fight Charles Oliveira next? | Yes=0.205 | vol=$4,610
        - Will Arman Tsarukyan fight Charles Oliveira next? | Yes=0.500 | vol=$1,254

  [18] negRiskID 0x4e66a8a04a681865c0d4c7411baeee7cca77e071140d24d91b5e1a1a4a4fa500
      n_markets=9, sum_Yes=2.5780, edge=157.80%
      direction: BUY_ALL_NO
        - Will Elon Musk be 2nd richest person on December 31? | Yes=0.165 | vol=$582
        - Will Larry Ellison be 2nd richest person on December 31? | Yes=0.126 | vol=$559
        - Will Bernard Arnault be 2nd richest person on December 31? | Yes=0.270 | vol=$556

  [19] negRiskID 0x5479086eb11a13ace6454674c82fc9e44681a89a7029f45f8710550331a85300
      n_markets=6, sum_Yes=2.5200, edge=152.00%
      direction: BUY_ALL_NO
        - Will the official USD to ARS exchange rate be less than 1600 | Yes=0.670 | vol=$1,829
        - Will the official USD to ARS exchange rate be between 1600.0 | Yes=0.400 | vol=$1,318
        - Will the official USD to ARS exchange rate be between 1700.0 | Yes=0.373 | vol=$1,150

  [20] negRiskID 0x2987bb601ae29d26d6a81ee09eec07f85b50f4e3a50eb3f88e9c6f8d5f762c00
      n_markets=5, sum_Yes=2.4950, edge=149.50%
      direction: BUY_ALL_NO
        - Will Joey Bosa play for Denver Broncos in 2026-27? | Yes=0.500 | vol=$8,945
        - Will Joey Bosa play for Detroit Lions in 2026-27? | Yes=0.499 | vol=$2,790
        - Will Joey Bosa play for Indianapolis Colts in 2026-27? | Yes=0.495 | vol=$5,596
Traceback (most recent call last):
  File "C:\Projects\polymarket-analyze\iters\iter04_negrisk_arb.py", line 118, in <module>
    main()
  File "C:\Projects\polymarket-analyze\iters\iter04_negrisk_arb.py", line 113, in main
    out_path.write_text(json.dumps(out, indent=2, ensure_ascii=False, default=str))
  File "C:\Users\star8\AppData\Local\Programs\Python\Python311\Lib\pathlib.py", line 1079, in write_text
    return f.write(data)
           ^^^^^^^^^^^^^
UnicodeEncodeError: 'cp949' codec can't encode character '\xe1' in position 17373: illegal multibyte sequence
