[iter20] 정치 카테고리만 정밀 calibration
  vol 50k+ + 정치: 1644

  Streaming CSV (정치 마켓만)...
    chunks=30, markets=1546
    chunks=60, markets=1546
    chunks=90, markets=1546
    chunks=120, markets=1546
  정치 calibration sample: 1145

=== 정치 0.05 단위 buckets ===
  bin                           N   belief   actual  Edge   Signal
  (-0.001, 0.05]              464    0.010    0.004  -0.005  
  (0.05, 0.1]                  86    0.074    0.058  -0.016  
  (0.1, 0.15]                  61    0.123    0.066  -0.057  🔥 SHORT (No)
  (0.15, 0.2]                  40    0.174    0.125  -0.049  
  (0.2, 0.25]                  36    0.227    0.278  +0.051  🚀 LONG Yes
  (0.25, 0.3]                  31    0.273    0.290  +0.017  
  (0.3, 0.35]                  25    0.324    0.320  -0.004  
  (0.35, 0.4]                  26    0.373    0.231  -0.142  🔥 SHORT (No)
  (0.4, 0.45]                  18    0.429    0.444  +0.016  
  (0.45, 0.5]                  23    0.477    0.565  +0.088  🚀 LONG Yes
  (0.5, 0.55]                  22    0.524    0.455  -0.069  🔥 SHORT (No)
  (0.55, 0.6]                  20    0.578    0.600  +0.022  
  (0.6, 0.65]                  24    0.626    0.708  +0.083  🚀 LONG Yes
  (0.65, 0.7]                  29    0.681    0.690  +0.009  
  (0.7, 0.75]                  31    0.725    0.774  +0.049  
  (0.75, 0.8]                  27    0.777    0.741  -0.036  
  (0.8, 0.85]                  30    0.828    0.800  -0.028  
  (0.85, 0.9]                  28    0.877    0.964  +0.087  🚀 LONG Yes
  (0.9, 0.95]                  32    0.926    0.969  +0.042  
  (0.95, 1.0]                  92    0.982    0.978  -0.004  

  → C:\Projects\polymarket-analyze\results\iter20_category_precise.json
