[iter17] 0.05 단위 정밀 calibration buckets
  종료 마켓: 3216

  Streaming CSV...
    chunks=20
    chunks=40
    chunks=60
    chunks=80
    chunks=100
    chunks=120
    chunks=140

  Closing belief: 2085

=== 0.05 단위 Calibration buckets ===
  Price bin                     N   Belief   Actual  Edge   Signal
  ----------------------------------------------------------------------
  (-0.001, 0.05]              956    0.009    0.007  -0.002  
  (0.05, 0.1]                 159    0.072    0.044  -0.028  
  (0.1, 0.15]                  94    0.124    0.043  -0.082  🔥 SHORT Yes (No 매수)
  (0.15, 0.2]                  68    0.175    0.118  -0.058  🔥 SHORT Yes (No 매수)
  (0.2, 0.25]                  64    0.224    0.234  +0.010  
  (0.25, 0.3]                  60    0.274    0.250  -0.024  
  (0.3, 0.35]                  53    0.324    0.245  -0.079  🔥 SHORT Yes (No 매수)
  (0.35, 0.4]                  44    0.372    0.205  -0.167  🔥 SHORT Yes (No 매수)
  (0.4, 0.45]                  32    0.425    0.281  -0.144  🔥 SHORT Yes (No 매수)
  (0.45, 0.5]                  52    0.477    0.442  -0.035  
  (0.5, 0.55]                  53    0.525    0.566  +0.041  
  (0.55, 0.6]                  52    0.574    0.635  +0.061  🚀 LONG Yes
  (0.6, 0.65]                  48    0.624    0.729  +0.105  🚀 LONG Yes
  (0.65, 0.7]                  37    0.675    0.703  +0.028  
  (0.7, 0.75]                  36    0.725    0.722  -0.003  
  (0.75, 0.8]                  34    0.777    0.765  -0.012  
  (0.8, 0.85]                  35    0.822    0.771  -0.051  🔥 SHORT Yes (No 매수)
  (0.85, 0.9]                  32    0.872    1.000  +0.128  🚀 LONG Yes
  (0.9, 0.95]                  43    0.927    0.930  +0.004  
  (0.95, 1.0]                 133    0.983    0.992  +0.010  

=== Sweet spots (|edge| > 5%, N≥10) ===
  (0.1, 0.15]               N=94 edge=-0.082 → No 매수 +EV
  (0.15, 0.2]               N=68 edge=-0.058 → No 매수 +EV
  (0.3, 0.35]               N=53 edge=-0.079 → No 매수 +EV
  (0.35, 0.4]               N=44 edge=-0.167 → No 매수 +EV
  (0.4, 0.45]               N=32 edge=-0.144 → No 매수 +EV
  (0.55, 0.6]               N=52 edge=+0.061 → Yes 매수 +EV
  (0.6, 0.65]               N=48 edge=+0.105 → Yes 매수 +EV
  (0.8, 0.85]               N=35 edge=-0.051 → No 매수 +EV
  (0.85, 0.9]               N=32 edge=+0.128 → Yes 매수 +EV

=== 통합 베팅 strategy ===
  No 매수 영역: 6 buckets, total N=326, weighted avg edge -0.090
  Yes 매수 영역: 3 buckets, total N=132, weighted avg edge +0.093

  → C:\Projects\polymarket-analyze\results\iter17_precise_buckets.json
